[0.939s] Invoking command in '/home/ubuntu/merge_arrays/src/merge_arrays': PYTHONPATH=/home/ubuntu/merge_arrays/install/merge_arrays/lib/python3.10/site-packages:${PYTHONPATH} /usr/bin/python3 setup.py egg_info --egg-base ../../build/merge_arrays build --build-base /home/ubuntu/merge_arrays/build/merge_arrays/build install --prefix /home/ubuntu/merge_arrays/install/merge_arrays --record /home/ubuntu/merge_arrays/build/merge_arrays/install.log --single-version-externally-managed
[1.276s] running egg_info
[1.277s] creating ../../build/merge_arrays/merge_arrays.egg-info
[1.277s] writing ../../build/merge_arrays/merge_arrays.egg-info/PKG-INFO
[1.278s] writing dependency_links to ../../build/merge_arrays/merge_arrays.egg-info/dependency_links.txt
[1.278s] writing entry points to ../../build/merge_arrays/merge_arrays.egg-info/entry_points.txt
[1.279s] writing requirements to ../../build/merge_arrays/merge_arrays.egg-info/requires.txt
[1.279s] writing top-level names to ../../build/merge_arrays/merge_arrays.egg-info/top_level.txt
[1.280s] writing manifest file '../../build/merge_arrays/merge_arrays.egg-info/SOURCES.txt'
[1.282s] reading manifest file '../../build/merge_arrays/merge_arrays.egg-info/SOURCES.txt'
[1.284s] writing manifest file '../../build/merge_arrays/merge_arrays.egg-info/SOURCES.txt'
[1.284s] running build
[1.285s] running build_py
[1.285s] creating /home/ubuntu/merge_arrays/build/merge_arrays/build
[1.285s] creating /home/ubuntu/merge_arrays/build/merge_arrays/build/lib
[1.286s] creating /home/ubuntu/merge_arrays/build/merge_arrays/build/lib/merge_arrays
[1.286s] copying merge_arrays/merge_arrays_node.py -> /home/ubuntu/merge_arrays/build/merge_arrays/build/lib/merge_arrays
[1.286s] copying merge_arrays/__init__.py -> /home/ubuntu/merge_arrays/build/merge_arrays/build/lib/merge_arrays
[1.287s] running install
[1.287s] /usr/lib/python3/dist-packages/setuptools/command/install.py:34: SetuptoolsDeprecationWarning: setup.py install is deprecated. Use build and pip and other standards-based tools.
[1.288s]   warnings.warn(
[1.288s] running install_lib
[1.289s] creating /home/ubuntu/merge_arrays/install/merge_arrays/lib/python3.10/site-packages/merge_arrays
[1.290s] copying /home/ubuntu/merge_arrays/build/merge_arrays/build/lib/merge_arrays/merge_arrays_node.py -> /home/ubuntu/merge_arrays/install/merge_arrays/lib/python3.10/site-packages/merge_arrays
[1.290s] copying /home/ubuntu/merge_arrays/build/merge_arrays/build/lib/merge_arrays/__init__.py -> /home/ubuntu/merge_arrays/install/merge_arrays/lib/python3.10/site-packages/merge_arrays
[1.291s] byte-compiling /home/ubuntu/merge_arrays/install/merge_arrays/lib/python3.10/site-packages/merge_arrays/merge_arrays_node.py to merge_arrays_node.cpython-310.pyc
[1.292s] byte-compiling /home/ubuntu/merge_arrays/install/merge_arrays/lib/python3.10/site-packages/merge_arrays/__init__.py to __init__.cpython-310.pyc
[1.293s] running install_data
[1.294s] creating /home/ubuntu/merge_arrays/install/merge_arrays/share/ament_index
[1.294s] creating /home/ubuntu/merge_arrays/install/merge_arrays/share/ament_index/resource_index
[1.294s] creating /home/ubuntu/merge_arrays/install/merge_arrays/share/ament_index/resource_index/packages
[1.295s] copying resource/merge_arrays -> /home/ubuntu/merge_arrays/install/merge_arrays/share/ament_index/resource_index/packages
[1.295s] copying package.xml -> /home/ubuntu/merge_arrays/install/merge_arrays/share/merge_arrays
[1.296s] running install_egg_info
[1.298s] Copying ../../build/merge_arrays/merge_arrays.egg-info to /home/ubuntu/merge_arrays/install/merge_arrays/lib/python3.10/site-packages/merge_arrays-0.0.0-py3.10.egg-info
[1.299s] running install_scripts
[1.326s] Installing merge_arrays_node script to /home/ubuntu/merge_arrays/install/merge_arrays/lib/merge_arrays
[1.327s] writing list of installed files to '/home/ubuntu/merge_arrays/build/merge_arrays/install.log'
[1.362s] Invoked command in '/home/ubuntu/merge_arrays/src/merge_arrays' returned '0': PYTHONPATH=/home/ubuntu/merge_arrays/install/merge_arrays/lib/python3.10/site-packages:${PYTHONPATH} /usr/bin/python3 setup.py egg_info --egg-base ../../build/merge_arrays build --build-base /home/ubuntu/merge_arrays/build/merge_arrays/build install --prefix /home/ubuntu/merge_arrays/install/merge_arrays --record /home/ubuntu/merge_arrays/build/merge_arrays/install.log --single-version-externally-managed
