[0.942s] Invoking command in '/home/ubuntu/merge_arrays/src/merge_arrays': PYTHONPATH=/home/ubuntu/merge_arrays/install/merge_arrays/lib/python3.10/site-packages:${PYTHONPATH} /usr/bin/python3 setup.py egg_info --egg-base ../../build/merge_arrays build --build-base /home/ubuntu/merge_arrays/build/merge_arrays/build install --prefix /home/ubuntu/merge_arrays/install/merge_arrays --record /home/ubuntu/merge_arrays/build/merge_arrays/install.log --single-version-externally-managed
[1.278s] running egg_info
[1.280s] writing ../../build/merge_arrays/merge_arrays.egg-info/PKG-INFO
[1.281s] writing dependency_links to ../../build/merge_arrays/merge_arrays.egg-info/dependency_links.txt
[1.281s] writing entry points to ../../build/merge_arrays/merge_arrays.egg-info/entry_points.txt
[1.282s] writing requirements to ../../build/merge_arrays/merge_arrays.egg-info/requires.txt
[1.282s] writing top-level names to ../../build/merge_arrays/merge_arrays.egg-info/top_level.txt
[1.285s] reading manifest file '../../build/merge_arrays/merge_arrays.egg-info/SOURCES.txt'
[1.287s] writing manifest file '../../build/merge_arrays/merge_arrays.egg-info/SOURCES.txt'
[1.287s] running build
[1.288s] running build_py
[1.288s] copying merge_arrays/merge_arrays_node.py -> /home/ubuntu/merge_arrays/build/merge_arrays/build/lib/merge_arrays
[1.289s] running install
[1.289s] /usr/lib/python3/dist-packages/setuptools/command/install.py:34: SetuptoolsDeprecationWarning: setup.py install is deprecated. Use build and pip and other standards-based tools.
[1.289s]   warnings.warn(
[1.290s] running install_lib
[1.291s] copying /home/ubuntu/merge_arrays/build/merge_arrays/build/lib/merge_arrays/merge_arrays_node.py -> /home/ubuntu/merge_arrays/install/merge_arrays/lib/python3.10/site-packages/merge_arrays
[1.292s] byte-compiling /home/ubuntu/merge_arrays/install/merge_arrays/lib/python3.10/site-packages/merge_arrays/merge_arrays_node.py to merge_arrays_node.cpython-310.pyc
[1.293s] running install_data
[1.294s] running install_egg_info
[1.296s] removing '/home/ubuntu/merge_arrays/install/merge_arrays/lib/python3.10/site-packages/merge_arrays-0.0.0-py3.10.egg-info' (and everything under it)
[1.297s] Copying ../../build/merge_arrays/merge_arrays.egg-info to /home/ubuntu/merge_arrays/install/merge_arrays/lib/python3.10/site-packages/merge_arrays-0.0.0-py3.10.egg-info
[1.298s] running install_scripts
[1.324s] Installing merge_arrays_node script to /home/ubuntu/merge_arrays/install/merge_arrays/lib/merge_arrays
[1.326s] writing list of installed files to '/home/ubuntu/merge_arrays/build/merge_arrays/install.log'
[1.360s] Invoked command in '/home/ubuntu/merge_arrays/src/merge_arrays' returned '0': PYTHONPATH=/home/ubuntu/merge_arrays/install/merge_arrays/lib/python3.10/site-packages:${PYTHONPATH} /usr/bin/python3 setup.py egg_info --egg-base ../../build/merge_arrays build --build-base /home/ubuntu/merge_arrays/build/merge_arrays/build install --prefix /home/ubuntu/merge_arrays/install/merge_arrays --record /home/ubuntu/merge_arrays/build/merge_arrays/install.log --single-version-externally-managed
